Release 14.7 - xst P.20131013 (nt64)
Copyright (c) 1995-2013 Xilinx, Inc.  All rights reserved.
--> Parameter TMPDIR set to xst/projnav.tmp


Total REAL time to Xst completion: 1.00 secs
Total CPU time to Xst completion: 0.28 secs
 
--> Parameter xsthdpdir set to xst


Total REAL time to Xst completion: 1.00 secs
Total CPU time to Xst completion: 0.28 secs
 
--> Reading design: MULT.prj

TABLE OF CONTENTS
  1) Synthesis Options Summary
  2) HDL Parsing
  3) HDL Elaboration
  4) HDL Synthesis
       4.1) HDL Synthesis Report
  5) Advanced HDL Synthesis
       5.1) Advanced HDL Synthesis Report
  6) Low Level Synthesis
  7) Partition Report
  8) Design Summary
       8.1) Primitive and Black Box Usage
       8.2) Device utilization summary
       8.3) Partition Resource Summary
       8.4) Timing Report
            8.4.1) Clock Information
            8.4.2) Asynchronous Control Signals Information
            8.4.3) Timing Summary
            8.4.4) Timing Details
            8.4.5) Cross Clock Domains Report


=========================================================================
*                      Synthesis Options Summary                        *
=========================================================================
---- Source Parameters
Input File Name                    : "MULT.prj"
Ignore Synthesis Constraint File   : NO

---- Target Parameters
Output File Name                   : "MULT"
Output Format                      : NGC
Target Device                      : xc7a100t-3-csg324

---- Source Options
Top Module Name                    : MULT
Automatic FSM Extraction           : YES
FSM Encoding Algorithm             : Auto
Safe Implementation                : No
FSM Style                          : LUT
RAM Extraction                     : Yes
RAM Style                          : Auto
ROM Extraction                     : Yes
Shift Register Extraction          : YES
ROM Style                          : Auto
Resource Sharing                   : YES
Asynchronous To Synchronous        : NO
Shift Register Minimum Size        : 2
Use DSP Block                      : Auto
Automatic Register Balancing       : No

---- Target Options
LUT Combining                      : Auto
Reduce Control Sets                : Auto
Add IO Buffers                     : YES
Global Maximum Fanout              : 100000
Add Generic Clock Buffer(BUFG)     : 32
Register Duplication               : YES
Optimize Instantiated Primitives   : NO
Use Clock Enable                   : Auto
Use Synchronous Set                : Auto
Use Synchronous Reset              : Auto
Pack IO Registers into IOBs        : Auto
Equivalent register Removal        : YES

---- General Options
Optimization Goal                  : Speed
Optimization Effort                : 1
Power Reduction                    : NO
Keep Hierarchy                     : No
Netlist Hierarchy                  : As_Optimized
RTL Output                         : Yes
Global Optimization                : AllClockNets
Read Cores                         : YES
Write Timing Constraints           : NO
Cross Clock Analysis               : NO
Hierarchy Separator                : /
Bus Delimiter                      : <>
Case Specifier                     : Maintain
Slice Utilization Ratio            : 100
BRAM Utilization Ratio             : 100
DSP48 Utilization Ratio            : 100
Auto BRAM Packing                  : NO
Slice Utilization Ratio Delta      : 5

---- Other Options
Cores Search Directories           : {"ipcore_dir"  }

=========================================================================


=========================================================================
*                          HDL Parsing                                  *
=========================================================================
Parsing VHDL file "C:\Users\Omair\Google Drive\Omair\NeuralMuti\ipcore_dir\fixedpointmult.vhd" into library work
Parsing entity <fixedpointmult>.
Parsing architecture <fixedpointmult_a> of entity <fixedpointmult>.
Parsing VHDL file "C:\Users\Omair\Google Drive\Omair\NeuralMuti\MULT.vhd" into library work
Parsing entity <MULT>.
Parsing architecture <Behavioral> of entity <mult>.

=========================================================================
*                            HDL Elaboration                            *
=========================================================================

Elaborating entity <MULT> (architecture <Behavioral>) from library <work>.

Elaborating entity <fixedpointmult> (architecture <fixedpointmult_a>) from library <work>.

=========================================================================
*                           HDL Synthesis                               *
=========================================================================

Synthesizing Unit <MULT>.
    Related source file is "C:\Users\Omair\Google Drive\Omair\NeuralMuti\MULT.vhd".
    Found 1-bit register for signal <ready>.
    Summary:
	inferred   1 D-type flip-flop(s).
Unit <MULT> synthesized.

=========================================================================
HDL Synthesis Report

Macro Statistics
# Registers                                            : 1
 1-bit register                                        : 1

=========================================================================

=========================================================================
*                       Advanced HDL Synthesis                          *
=========================================================================

Reading core <ipcore_dir/fixedpointmult.ngc>.
Reading Secure Unit <blk00000001>.
Loading core <fixedpointmult> for timing and area information for instance <U1>.

=========================================================================
Advanced HDL Synthesis Report

Macro Statistics
# Registers                                            : 1
 Flip-Flops                                            : 1

=========================================================================

=========================================================================
*                         Low Level Synthesis                           *
=========================================================================

Optimizing unit <MULT> ...

Mapping all equations...
Building and optimizing final netlist ...
Found area constraint ratio of 100 (+ 5) on block MULT, actual ratio is 0.

Final Macro Processing ...

=========================================================================
Final Register Report

Macro Statistics
# Registers                                            : 1
 Flip-Flops                                            : 1

=========================================================================

=========================================================================
*                           Partition Report                            *
=========================================================================

Partition Implementation Status
-------------------------------

  No Partitions were found in this design.

-------------------------------

=========================================================================
*                            Design Summary                             *
=========================================================================

Top Level Output File Name         : MULT.ngc

Primitive and Black Box Usage:
------------------------------
# BELS                             : 1495
#      GND                         : 1
#      LUT2                        : 224
#      LUT3                        : 20
#      LUT4                        : 190
#      MULT_AND                    : 210
#      MUXCY                       : 415
#      VCC                         : 1
#      XORCY                       : 434
# FlipFlops/Latches                : 41
#      FD                          : 1
#      FDRE                        : 40
# Clock Buffers                    : 1
#      BUFGP                       : 1
# IO Buffers                       : 63
#      IBUF                        : 42
#      OBUF                        : 21

Device utilization summary:
---------------------------

Selected Device : 7a100tcsg324-3 


Slice Logic Utilization: 
 Number of Slice Registers:              40  out of  126800     0%  
 Number of Slice LUTs:                  434  out of  63400     0%  
    Number used as Logic:               434  out of  63400     0%  

Slice Logic Distribution: 
 Number of LUT Flip Flop pairs used:    454
   Number with an unused Flip Flop:     414  out of    454    91%  
   Number with an unused LUT:            20  out of    454     4%  
   Number of fully used LUT-FF pairs:    20  out of    454     4%  
   Number of unique control sets:         1

IO Utilization: 
 Number of IOs:                          64
 Number of bonded IOBs:                  64  out of    210    30%  
    IOB Flip Flops/Latches:               1

Specific Feature Utilization:
 Number of BUFG/BUFGCTRLs:                1  out of     32     3%  

---------------------------
Partition Resource Summary:
---------------------------

  No Partitions were found in this design.

---------------------------


=========================================================================
Timing Report

NOTE: THESE TIMING NUMBERS ARE ONLY A SYNTHESIS ESTIMATE.
      FOR ACCURATE TIMING INFORMATION PLEASE REFER TO THE TRACE REPORT
      GENERATED AFTER PLACE-and-ROUTE.

Clock Information:
------------------
-----------------------------------+------------------------+-------+
Clock Signal                       | Clock buffer(FF name)  | Load  |
-----------------------------------+------------------------+-------+
clock                              | BUFGP                  | 41    |
-----------------------------------+------------------------+-------+

Asynchronous Control Signals Information:
----------------------------------------
No asynchronous control signals found in this design

Timing Summary:
---------------
Speed Grade: -3

   Minimum period: No path found
   Minimum input arrival time before clock: 7.113ns
   Maximum output required time after clock: 0.640ns
   Maximum combinational path delay: No path found

Timing Details:
---------------
All values displayed in nanoseconds (ns)

=========================================================================
Timing constraint: Default OFFSET IN BEFORE for Clock 'clock'
  Total number of paths / destination ports: 942995256 / 121
-------------------------------------------------------------------------
Offset:              7.113ns (Levels of Logic = 50)
  Source:            Input<0> (PAD)
  Destination:       sec_inst (FF)
  Destination Clock: clock rising

  Data Path: Input<0> to sec_inst
                                Gate     Net
    Cell:in->out      fanout   Delay   Delay  Logical Name (Net Name)
    ----------------------------------------  ------------
     IBUF:I->O            20   0.001   0.644  Input_0_IBUF (Input_0_IBUF)
     begin scope: 'U1:a<0>'
     begin scope: 'U1/blk00000001:A<0>'
     SEC:in->out           1   0.097   0.000  sec_inst (sec_net)
     SEC:in->out           1   0.353   0.000  sec_inst (sec_net)
     SEC:in->out           1   0.023   0.000  sec_inst (sec_net)
     SEC:in->out           1   0.023   0.000  sec_inst (sec_net)
     SEC:in->out           1   0.023   0.000  sec_inst (sec_net)
     SEC:in->out           1   0.023   0.000  sec_inst (sec_net)
     SEC:in->out           1   0.023   0.000  sec_inst (sec_net)
     SEC:in->out           1   0.023   0.000  sec_inst (sec_net)
     SEC:in->out           1   0.023   0.000  sec_inst (sec_net)
     SEC:in->out           1   0.023   0.000  sec_inst (sec_net)
     SEC:in->out           1   0.023   0.000  sec_inst (sec_net)
     SEC:in->out           1   0.023   0.000  sec_inst (sec_net)
     SEC:in->out           1   0.023   0.000  sec_inst (sec_net)
     SEC:in->out           1   0.023   0.000  sec_inst (sec_net)
     SEC:in->out           1   0.023   0.000  sec_inst (sec_net)
     SEC:in->out           1   0.023   0.000  sec_inst (sec_net)
     SEC:in->out           1   0.023   0.000  sec_inst (sec_net)
     SEC:in->out           1   0.023   0.000  sec_inst (sec_net)
     SEC:in->out           1   0.023   0.000  sec_inst (sec_net)
     SEC:in->out           1   0.023   0.000  sec_inst (sec_net)
     SEC:in->out           0   0.023   0.000  sec_inst (sec_net)
     SEC:in->out           3   0.370   0.389  sec_inst (sec_net)
     SEC:in->out           1   0.097   0.000  sec_inst (sec_net)
     SEC:in->out           1   0.353   0.000  sec_inst (sec_net)
     SEC:in->out           0   0.023   0.000  sec_inst (sec_net)
     SEC:in->out           6   0.370   0.402  sec_inst (sec_net)
     SEC:in->out           1   0.097   0.000  sec_inst (sec_net)
     SEC:in->out           1   0.353   0.000  sec_inst (sec_net)
     SEC:in->out           1   0.023   0.000  sec_inst (sec_net)
     SEC:in->out           1   0.023   0.000  sec_inst (sec_net)
     SEC:in->out           1   0.023   0.000  sec_inst (sec_net)
     SEC:in->out           0   0.023   0.000  sec_inst (sec_net)
     SEC:in->out          10   0.370   0.421  sec_inst (sec_net)
     SEC:in->out           1   0.097   0.000  sec_inst (sec_net)
     SEC:in->out           1   0.353   0.000  sec_inst (sec_net)
     SEC:in->out           1   0.023   0.000  sec_inst (sec_net)
     SEC:in->out           1   0.023   0.000  sec_inst (sec_net)
     SEC:in->out           1   0.023   0.000  sec_inst (sec_net)
     SEC:in->out           1   0.023   0.000  sec_inst (sec_net)
     SEC:in->out           1   0.023   0.000  sec_inst (sec_net)
     SEC:in->out           1   0.023   0.000  sec_inst (sec_net)
     SEC:in->out           1   0.023   0.000  sec_inst (sec_net)
     SEC:in->out           0   0.023   0.000  sec_inst (sec_net)
     SEC:in->out           3   0.370   0.389  sec_inst (sec_net)
     SEC:in->out           1   0.097   0.000  sec_inst (sec_net)
     SEC:in->out           1   0.353   0.000  sec_inst (sec_net)
     SEC:in->out           0   0.023   0.000  sec_inst (sec_net)
     SEC:in->out           1   0.370   0.000  sec_inst (sec_net)
     SEC:in                    0.008          sec_inst
    ----------------------------------------
    Total                      7.113ns (4.868ns logic, 2.245ns route)
                                       (68.4% logic, 31.6% route)

=========================================================================
Timing constraint: Default OFFSET OUT AFTER for Clock 'clock'
  Total number of paths / destination ports: 21 / 21
-------------------------------------------------------------------------
Offset:              0.640ns (Levels of Logic = 2)
  Source:            sec_inst (FF)
  Destination:       Output<19> (PAD)
  Source Clock:      clock rising

  Data Path: sec_inst to Output<19>
                                Gate     Net
    Cell:in->out      fanout   Delay   Delay  Logical Name (Net Name)
    ----------------------------------------  ------------
     SEC:C->out            1   0.361   0.279  sec_inst (sec_net)
     end scope: 'U1/blk00000001:P<39>'
     end scope: 'U1:p<39>'
     OBUF:I->O                 0.000          Output_19_OBUF (Output<19>)
    ----------------------------------------
    Total                      0.640ns (0.361ns logic, 0.279ns route)
                                       (56.4% logic, 43.6% route)

=========================================================================

Cross Clock Domains Report:
--------------------------

=========================================================================


Total REAL time to Xst completion: 23.00 secs
Total CPU time to Xst completion: 22.70 secs
 
--> 

Total memory usage is 448920 kilobytes

Number of errors   :    0 (   0 filtered)
Number of warnings :    0 (   0 filtered)
Number of infos    :    0 (   0 filtered)

