--------------------------------------------------------------------------------
Release 14.7 Trace  (nt64)
Copyright (c) 1995-2013 Xilinx, Inc.  All rights reserved.

C:\Documents\Xilinx\14.7\ISE_DS\ISE\bin\nt64\unwrapped\trce.exe -intstyle ise
-v 3 -s 3 -n 3 -fastpaths -xml DISPLAY_UNIT.twx DISPLAY_UNIT.ncd -o
DISPLAY_UNIT.twr DISPLAY_UNIT.pcf -ucf Nexys4DDR_Master.ucf

Design file:              DISPLAY_UNIT.ncd
Physical constraint file: DISPLAY_UNIT.pcf
Device,package,speed:     xc7a100t,csg324,C,-3 (PRODUCTION 1.10 2013-10-13)
Report level:             verbose report

Environment Variable      Effect 
--------------------      ------ 
NONE                      No environment variables were set
--------------------------------------------------------------------------------

INFO:Timing:2698 - No timing constraints found, doing default enumeration.
INFO:Timing:3412 - To improve timing, see the Timing Closure User Guide (UG612).
INFO:Timing:2752 - To get complete path coverage, use the unconstrained paths 
   option. All paths that are not constrained will be reported in the 
   unconstrained paths section(s) of the report.
INFO:Timing:3339 - The clock-to-out numbers in this timing report are based on 
   a 50 Ohm transmission line loading model.  For the details of this model, 
   and for more information on accounting for different loading conditions, 
   please see the device datasheet.



Data Sheet report:
-----------------
All values displayed in nanoseconds (ns)

Setup/Hold to clock clk
------------+------------+------------+------------+------------+------------------+--------+
            |Max Setup to|  Process   |Max Hold to |  Process   |                  | Clock  |
Source      | clk (edge) |   Corner   | clk (edge) |   Corner   |Internal Clock(s) | Phase  |
------------+------------+------------+------------+------------+------------------+--------+
RST         |    1.103(R)|      FAST  |    1.812(R)|      SLOW  |clk_BUFGP         |   0.000|
------------+------------+------------+------------+------------+------------------+--------+

Clock clk to Pad
---------------+-----------------+------------+-----------------+------------+------------------+--------+
               |Max (slowest) clk|  Process   |Min (fastest) clk|  Process   |                  | Clock  |
Destination    |  (edge) to PAD  |   Corner   |  (edge) to PAD  |   Corner   |Internal Clock(s) | Phase  |
---------------+-----------------+------------+-----------------+------------+------------------+--------+
LEDS<0>        |        16.210(R)|      SLOW  |         6.299(R)|      FAST  |clk_BUFGP         |   0.000|
LEDS<1>        |         9.959(R)|      SLOW  |         3.735(R)|      FAST  |clk_BUFGP         |   0.000|
LEDS<3>        |         9.915(R)|      SLOW  |         3.854(R)|      FAST  |clk_BUFGP         |   0.000|
LEDS<4>        |         9.564(R)|      SLOW  |         3.548(R)|      FAST  |clk_BUFGP         |   0.000|
LEDS<5>        |         9.554(R)|      SLOW  |         3.646(R)|      FAST  |clk_BUFGP         |   0.000|
LEDS<6>        |         9.700(R)|      SLOW  |         3.737(R)|      FAST  |clk_BUFGP         |   0.000|
LEDS<7>        |         9.342(R)|      SLOW  |         3.532(R)|      FAST  |clk_BUFGP         |   0.000|
dis<0>         |         9.908(R)|      SLOW  |         3.646(R)|      FAST  |clk_BUFGP         |   0.000|
dis<1>         |         9.948(R)|      SLOW  |         3.658(R)|      FAST  |clk_BUFGP         |   0.000|
dis<2>         |        11.413(R)|      SLOW  |         4.546(R)|      FAST  |clk_BUFGP         |   0.000|
dis<3>         |        10.974(R)|      SLOW  |         4.276(R)|      FAST  |clk_BUFGP         |   0.000|
dis<4>         |        10.559(R)|      SLOW  |         3.861(R)|      FAST  |clk_BUFGP         |   0.000|
dis<5>         |        11.134(R)|      SLOW  |         4.166(R)|      FAST  |clk_BUFGP         |   0.000|
dis<6>         |        11.809(R)|      SLOW  |         4.715(R)|      FAST  |clk_BUFGP         |   0.000|
dis<7>         |        11.332(R)|      SLOW  |         4.440(R)|      FAST  |clk_BUFGP         |   0.000|
seg_out<0>     |        11.334(R)|      SLOW  |         4.076(R)|      FAST  |clk_BUFGP         |   0.000|
seg_out<1>     |        12.157(R)|      SLOW  |         4.547(R)|      FAST  |clk_BUFGP         |   0.000|
seg_out<2>     |        11.802(R)|      SLOW  |         4.336(R)|      FAST  |clk_BUFGP         |   0.000|
seg_out<3>     |        12.137(R)|      SLOW  |         4.420(R)|      FAST  |clk_BUFGP         |   0.000|
seg_out<4>     |        11.792(R)|      SLOW  |         4.296(R)|      FAST  |clk_BUFGP         |   0.000|
seg_out<5>     |        12.081(R)|      SLOW  |         4.468(R)|      FAST  |clk_BUFGP         |   0.000|
seg_out<6>     |        12.460(R)|      SLOW  |         4.587(R)|      FAST  |clk_BUFGP         |   0.000|
st_indicator<0>|         8.998(R)|      SLOW  |         3.265(R)|      FAST  |clk_BUFGP         |   0.000|
st_indicator<1>|         9.160(R)|      SLOW  |         3.343(R)|      FAST  |clk_BUFGP         |   0.000|
st_indicator<2>|         9.115(R)|      SLOW  |         3.329(R)|      FAST  |clk_BUFGP         |   0.000|
---------------+-----------------+------------+-----------------+------------+------------------+--------+

Clock to Setup on destination clock clk
---------------+---------+---------+---------+---------+
               | Src:Rise| Src:Fall| Src:Rise| Src:Fall|
Source Clock   |Dest:Rise|Dest:Rise|Dest:Fall|Dest:Fall|
---------------+---------+---------+---------+---------+
clk            |    2.793|         |         |         |
---------------+---------+---------+---------+---------+


Analysis completed Tue May 10 21:40:20 2016 
--------------------------------------------------------------------------------

Trace Settings:
-------------------------
Trace Settings 

Peak Memory Usage: 673 MB



