

================================================================
== Vivado HLS Report for 'cmp_max'
================================================================
* Date:           Fri May 06 23:22:15 2016

* Version:        2015.4 (Build 1412921 on Wed Nov 18 09:58:55 AM 2015)
* Project:        cmp_max
* Solution:       solution1
* Product family: artix7
* Target device:  xc7a200tfbg676-2


================================================================
== Performance Estimates
================================================================
+ Timing (ns): 
    * Summary: 
    +--------+-------+----------+------------+
    |  Clock | Target| Estimated| Uncertainty|
    +--------+-------+----------+------------+
    |ap_clk  |  10.00|      7.61|        1.25|
    +--------+-------+----------+------------+

+ Latency (clock cycles): 
    * Summary: 
    +-----+-----+-----+-----+---------+
    |  Latency  |  Interval | Pipeline|
    | min | max | min | max |   Type  |
    +-----+-----+-----+-----+---------+
    |    1|    2|    2|    3|   none  |
    +-----+-----+-----+-----+---------+

    + Detail: 
        * Instance: 
        N/A

        * Loop: 
        N/A

============================================================
+ Verbose Summary: Synthesis Manager
============================================================
InlineROM: 1
ExposeGlobal: 0
============================================================
+ Verbose Summary: CDFG Model
============================================================
IsTopModel: 1
ResetActiveHigh: 1
IsCombinational: 0
IsDatapathOnly: 0
HasWiredReturn: 1
HasMFsm: 0
HasVarLatency: 1
IsPipeline: 0
IsRtlPipelined: 0
IsInstanceOverlapped: 0
IsDontTouch: 0
HasImplIP: 0
IsGatedGlobalClock: 0


============================================================
+ Verbose Summary: Schedule
============================================================
* Number of FSM states: 3
* Pipeline: 0
* Dataflow Pipeline: 0

* FSM state transitions: 
1 --> 
	2  / (en_read)
	3  / (!en_read)
2 --> 
	3  / true
3 --> 
* FSM state operations: 

 <State 1>: 7.61ns
ST_1: stg_4 [1/1] 0.00ns
:0  call void (...)* @_ssdm_op_SpecBitsMap(float %y0) nounwind, !map !0

ST_1: stg_5 [1/1] 0.00ns
:1  call void (...)* @_ssdm_op_SpecBitsMap(float %y1) nounwind, !map !6

ST_1: stg_6 [1/1] 0.00ns
:2  call void (...)* @_ssdm_op_SpecBitsMap(float %y2) nounwind, !map !10

ST_1: stg_7 [1/1] 0.00ns
:3  call void (...)* @_ssdm_op_SpecBitsMap(float* %max) nounwind, !map !14

ST_1: stg_8 [1/1] 0.00ns
:4  call void (...)* @_ssdm_op_SpecBitsMap(i1 %en) nounwind, !map !20

ST_1: stg_9 [1/1] 0.00ns
:5  call void (...)* @_ssdm_op_SpecTopModule([8 x i8]* @cmp_max_str) nounwind

ST_1: en_read [1/1] 0.00ns
:6  %en_read = call i1 @_ssdm_op_Read.ap_auto.i1(i1 %en) nounwind

ST_1: y2_read [1/1] 0.00ns
:7  %y2_read = call float @_ssdm_op_Read.ap_auto.float(float %y2) nounwind

ST_1: y1_read [1/1] 0.00ns
:8  %y1_read = call float @_ssdm_op_Read.ap_auto.float(float %y1) nounwind

ST_1: y0_read [1/1] 0.00ns
:9  %y0_read = call float @_ssdm_op_Read.ap_auto.float(float %y0) nounwind

ST_1: stg_14 [1/1] 0.00ns
:10  br i1 %en_read, label %_ifconv, label %._crit_edge

ST_1: y0_to_int [1/1] 0.00ns
_ifconv:0  %y0_to_int = bitcast float %y0_read to i32

ST_1: tmp [1/1] 0.00ns
_ifconv:1  %tmp = call i8 @_ssdm_op_PartSelect.i8.i32.i32.i32(i32 %y0_to_int, i32 23, i32 30)

ST_1: tmp_1 [1/1] 0.00ns
_ifconv:2  %tmp_1 = trunc i32 %y0_to_int to i23

ST_1: y1_to_int [1/1] 0.00ns
_ifconv:3  %y1_to_int = bitcast float %y1_read to i32

ST_1: tmp_2 [1/1] 0.00ns
_ifconv:4  %tmp_2 = call i8 @_ssdm_op_PartSelect.i8.i32.i32.i32(i32 %y1_to_int, i32 23, i32 30)

ST_1: tmp_3 [1/1] 0.00ns
_ifconv:5  %tmp_3 = trunc i32 %y1_to_int to i23

ST_1: notlhs [1/1] 1.99ns
_ifconv:6  %notlhs = icmp ne i8 %tmp, -1

ST_1: notrhs [1/1] 2.45ns
_ifconv:7  %notrhs = icmp eq i23 %tmp_1, 0

ST_1: tmp_4 [1/1] 1.15ns
_ifconv:8  %tmp_4 = or i1 %notrhs, %notlhs

ST_1: notlhs6 [1/1] 1.99ns
_ifconv:9  %notlhs6 = icmp ne i8 %tmp_2, -1

ST_1: notrhs7 [1/1] 2.45ns
_ifconv:10  %notrhs7 = icmp eq i23 %tmp_3, 0

ST_1: tmp_5 [1/1] 1.15ns
_ifconv:11  %tmp_5 = or i1 %notrhs7, %notlhs6

ST_1: tmp_6 [1/1] 1.15ns
_ifconv:12  %tmp_6 = and i1 %tmp_4, %tmp_5

ST_1: tmp_7 [1/1] 5.31ns
_ifconv:13  %tmp_7 = fcmp ogt float %y0_read, %y1_read

ST_1: tmp_8 [1/1] 1.15ns
_ifconv:14  %tmp_8 = and i1 %tmp_6, %tmp_7

ST_1: y2_to_int [1/1] 0.00ns
_ifconv:15  %y2_to_int = bitcast float %y2_read to i32

ST_1: tmp_s [1/1] 0.00ns
_ifconv:16  %tmp_s = call i8 @_ssdm_op_PartSelect.i8.i32.i32.i32(i32 %y2_to_int, i32 23, i32 30)

ST_1: tmp_9 [1/1] 0.00ns
_ifconv:17  %tmp_9 = trunc i32 %y2_to_int to i23

ST_1: notlhs1 [1/1] 1.99ns
_ifconv:18  %notlhs1 = icmp ne i8 %tmp_s, -1

ST_1: notrhs1 [1/1] 2.45ns
_ifconv:19  %notrhs1 = icmp eq i23 %tmp_9, 0

ST_1: tmp_10 [1/1] 1.15ns
_ifconv:20  %tmp_10 = or i1 %notrhs1, %notlhs1

ST_1: tmp_11 [1/1] 1.15ns
_ifconv:21  %tmp_11 = and i1 %tmp_4, %tmp_10

ST_1: tmp_12 [1/1] 5.31ns
_ifconv:22  %tmp_12 = fcmp ogt float %y0_read, %y2_read

ST_1: tmp_13 [1/1] 1.15ns
_ifconv:23  %tmp_13 = and i1 %tmp_11, %tmp_12

ST_1: or_cond [1/1] 1.15ns
_ifconv:24  %or_cond = and i1 %tmp_8, %tmp_13

ST_1: tmp_16 [1/1] 1.15ns
_ifconv:27  %tmp_16 = and i1 %tmp_5, %tmp_10


 <State 2>: 7.61ns
ST_2: tmp_14 [1/1] 5.31ns
_ifconv:25  %tmp_14 = fcmp ogt float %y1_read, %y0_read

ST_2: tmp_15 [1/1] 1.15ns
_ifconv:26  %tmp_15 = and i1 %tmp_6, %tmp_14

ST_2: tmp_17 [1/1] 5.31ns
_ifconv:28  %tmp_17 = fcmp ogt float %y1_read, %y2_read

ST_2: tmp_18 [1/1] 1.15ns
_ifconv:29  %tmp_18 = and i1 %tmp_16, %tmp_17

ST_2: or_cond2 [1/1] 1.15ns
_ifconv:30  %or_cond2 = and i1 %tmp_15, %tmp_18


 <State 3>: 2.30ns
ST_3: y1_assign [1/1] 1.15ns
_ifconv:31  %y1_assign = select i1 %or_cond2, float %y1_read, float %y2_read

ST_3: storemerge1 [1/1] 1.15ns
_ifconv:32  %storemerge1 = select i1 %or_cond, float %y0_read, float %y1_assign

ST_3: stg_48 [1/1] 0.00ns
_ifconv:33  call void @_ssdm_op_Write.ap_auto.floatP(float* %max, float %storemerge1) nounwind

ST_3: stg_49 [1/1] 0.00ns
_ifconv:34  br label %._crit_edge

ST_3: stg_50 [1/1] 0.00ns
._crit_edge:0  ret void



============================================================
+ Verbose Summary: Binding
============================================================
STG Binding: 
---------------- STG Properties BEGIN ----------------
- Is combinational: 0
- Is one-state seq: 0
- Is datapath-only: 0
- Is clock enabled: 0
- Is pipelined: 0
- Is top level: 1
Port [ Return ] is wired: 1; IO mode=ap_ctrl_hs:ce=0
Port [ y0]:  wired=1; compound=0; hidden=0; nouse=0; global=0; static=0; extern=0; dir=0; type=0; mode=0x46b92c0; pingpong=0; private_global=0; IO mode=ap_none:ce=0
Port [ y1]:  wired=1; compound=0; hidden=0; nouse=0; global=0; static=0; extern=0; dir=0; type=0; mode=0x46b9470; pingpong=0; private_global=0; IO mode=ap_none:ce=0
Port [ y2]:  wired=1; compound=0; hidden=0; nouse=0; global=0; static=0; extern=0; dir=0; type=0; mode=0x46b9230; pingpong=0; private_global=0; IO mode=ap_none:ce=0
Port [ max]:  wired=1; compound=0; hidden=0; nouse=0; global=0; static=0; extern=0; dir=1; type=0; mode=0x46b91a0; pingpong=0; private_global=0; IO mode=ap_vld:ce=0
Port [ en]:  wired=1; compound=0; hidden=0; nouse=0; global=0; static=0; extern=0; dir=0; type=0; mode=0x46b9110; pingpong=0; private_global=0; IO mode=ap_none:ce=0
---------------- STG Properties END ------------------

---------------- Datapath Model BEGIN ----------------

<LifeTime>
<method=bitvector/>
stg_4       (specbitsmap  ) [ 0000]
stg_5       (specbitsmap  ) [ 0000]
stg_6       (specbitsmap  ) [ 0000]
stg_7       (specbitsmap  ) [ 0000]
stg_8       (specbitsmap  ) [ 0000]
stg_9       (spectopmodule) [ 0000]
en_read     (read         ) [ 0111]
y2_read     (read         ) [ 0011]
y1_read     (read         ) [ 0011]
y0_read     (read         ) [ 0011]
stg_14      (br           ) [ 0000]
y0_to_int   (bitcast      ) [ 0000]
tmp         (partselect   ) [ 0000]
tmp_1       (trunc        ) [ 0000]
y1_to_int   (bitcast      ) [ 0000]
tmp_2       (partselect   ) [ 0000]
tmp_3       (trunc        ) [ 0000]
notlhs      (icmp         ) [ 0000]
notrhs      (icmp         ) [ 0000]
tmp_4       (or           ) [ 0000]
notlhs6     (icmp         ) [ 0000]
notrhs7     (icmp         ) [ 0000]
tmp_5       (or           ) [ 0000]
tmp_6       (and          ) [ 0010]
tmp_7       (fcmp         ) [ 0000]
tmp_8       (and          ) [ 0000]
y2_to_int   (bitcast      ) [ 0000]
tmp_s       (partselect   ) [ 0000]
tmp_9       (trunc        ) [ 0000]
notlhs1     (icmp         ) [ 0000]
notrhs1     (icmp         ) [ 0000]
tmp_10      (or           ) [ 0000]
tmp_11      (and          ) [ 0000]
tmp_12      (fcmp         ) [ 0000]
tmp_13      (and          ) [ 0000]
or_cond     (and          ) [ 0011]
tmp_16      (and          ) [ 0010]
tmp_14      (fcmp         ) [ 0000]
tmp_15      (and          ) [ 0000]
tmp_17      (fcmp         ) [ 0000]
tmp_18      (and          ) [ 0000]
or_cond2    (and          ) [ 0001]
y1_assign   (select       ) [ 0000]
storemerge1 (select       ) [ 0000]
stg_48      (write        ) [ 0000]
stg_49      (br           ) [ 0000]
stg_50      (ret          ) [ 0000]
</LifeTime>

<model>

<comp_list>
<comp id="0" class="1000" name="y0">
<pin_list>
<pin id="1" dir="1" index="0" bw="1" slack="0"/>
</pin_list>
<bind>
<StgValue><ssdm name="y0"/></StgValue>
</bind>
</comp>

<comp id="2" class="1000" name="y1">
<pin_list>
<pin id="3" dir="1" index="0" bw="1" slack="0"/>
</pin_list>
<bind>
<StgValue><ssdm name="y1"/></StgValue>
</bind>
</comp>

<comp id="4" class="1000" name="y2">
<pin_list>
<pin id="5" dir="1" index="0" bw="1" slack="0"/>
</pin_list>
<bind>
<StgValue><ssdm name="y2"/></StgValue>
</bind>
</comp>

<comp id="6" class="1000" name="max">
<pin_list>
<pin id="7" dir="1" index="0" bw="1" slack="0"/>
</pin_list>
<bind>
<StgValue><ssdm name="max"/></StgValue>
</bind>
</comp>

<comp id="8" class="1000" name="en">
<pin_list>
<pin id="9" dir="1" index="0" bw="1" slack="0"/>
</pin_list>
<bind>
<StgValue><ssdm name="en"/></StgValue>
</bind>
</comp>

<comp id="10" class="1001" name="const_10">
<pin_list>
<pin id="11" dir="1" index="0" bw="1" slack="2147483647"/>
</pin_list>
<bind>
<StgValue><ssdm name="_ssdm_op_SpecBitsMap"/></StgValue>
</bind>
</comp>

<comp id="12" class="1001" name="const_12">
<pin_list>
<pin id="13" dir="1" index="0" bw="1" slack="2147483647"/>
</pin_list>
<bind>
<StgValue><ssdm name="_ssdm_op_SpecTopModule"/></StgValue>
</bind>
</comp>

<comp id="14" class="1001" name="const_14">
<pin_list>
<pin id="15" dir="1" index="0" bw="1" slack="2147483647"/>
</pin_list>
<bind>
<StgValue><ssdm name="cmp_max_str"/></StgValue>
</bind>
</comp>

<comp id="16" class="1001" name="const_16">
<pin_list>
<pin id="17" dir="1" index="0" bw="1" slack="0"/>
</pin_list>
<bind>
<StgValue><ssdm name="_ssdm_op_Read.ap_auto.i1"/></StgValue>
</bind>
</comp>

<comp id="18" class="1001" name="const_18">
<pin_list>
<pin id="19" dir="1" index="0" bw="1" slack="0"/>
</pin_list>
<bind>
<StgValue><ssdm name="_ssdm_op_Read.ap_auto.float"/></StgValue>
</bind>
</comp>

<comp id="20" class="1001" name="const_20">
<pin_list>
<pin id="21" dir="1" index="0" bw="1" slack="0"/>
</pin_list>
<bind>
<StgValue><ssdm name="_ssdm_op_PartSelect.i8.i32.i32.i32"/></StgValue>
</bind>
</comp>

<comp id="22" class="1001" name="const_22">
<pin_list>
<pin id="23" dir="1" index="0" bw="1" slack="0"/>
</pin_list>
<bind>
<StgValue><ssdm name=""/></StgValue>
</bind>
</comp>

<comp id="24" class="1001" name="const_24">
<pin_list>
<pin id="25" dir="1" index="0" bw="1" slack="0"/>
</pin_list>
<bind>
<StgValue><ssdm name=""/></StgValue>
</bind>
</comp>

<comp id="26" class="1001" name="const_26">
<pin_list>
<pin id="27" dir="1" index="0" bw="1" slack="0"/>
</pin_list>
<bind>
<StgValue><ssdm name=""/></StgValue>
</bind>
</comp>

<comp id="28" class="1001" name="const_28">
<pin_list>
<pin id="29" dir="1" index="0" bw="1" slack="0"/>
</pin_list>
<bind>
<StgValue><ssdm name=""/></StgValue>
</bind>
</comp>

<comp id="30" class="1001" name="const_30">
<pin_list>
<pin id="31" dir="1" index="0" bw="1" slack="0"/>
</pin_list>
<bind>
<StgValue><ssdm name="_ssdm_op_Write.ap_auto.floatP"/></StgValue>
</bind>
</comp>

<comp id="32" class="1004" name="en_read_read_fu_32">
<pin_list>
<pin id="33" dir="0" index="0" bw="1" slack="0"/>
<pin id="34" dir="0" index="1" bw="1" slack="0"/>
<pin id="35" dir="1" index="2" bw="1" slack="2"/>
</pin_list>
<bind>
<opcode="read(1150) " fcode="read"/>
<opset="en_read/1 "/>
</bind>
</comp>

<comp id="38" class="1004" name="y2_read_read_fu_38">
<pin_list>
<pin id="39" dir="0" index="0" bw="32" slack="0"/>
<pin id="40" dir="0" index="1" bw="32" slack="0"/>
<pin id="41" dir="1" index="2" bw="32" slack="0"/>
</pin_list>
<bind>
<opcode="read(1150) " fcode="read"/>
<opset="y2_read/1 "/>
</bind>
</comp>

<comp id="44" class="1004" name="y1_read_read_fu_44">
<pin_list>
<pin id="45" dir="0" index="0" bw="32" slack="0"/>
<pin id="46" dir="0" index="1" bw="32" slack="0"/>
<pin id="47" dir="1" index="2" bw="32" slack="0"/>
</pin_list>
<bind>
<opcode="read(1150) " fcode="read"/>
<opset="y1_read/1 "/>
</bind>
</comp>

<comp id="50" class="1004" name="y0_read_read_fu_50">
<pin_list>
<pin id="51" dir="0" index="0" bw="32" slack="0"/>
<pin id="52" dir="0" index="1" bw="32" slack="0"/>
<pin id="53" dir="1" index="2" bw="32" slack="0"/>
</pin_list>
<bind>
<opcode="read(1150) " fcode="read"/>
<opset="y0_read/1 "/>
</bind>
</comp>

<comp id="56" class="1004" name="stg_48_write_fu_56">
<pin_list>
<pin id="57" dir="0" index="0" bw="0" slack="0"/>
<pin id="58" dir="0" index="1" bw="32" slack="0"/>
<pin id="59" dir="0" index="2" bw="32" slack="0"/>
<pin id="60" dir="1" index="3" bw="0" slack="2147483647"/>
</pin_list>
<bind>
<opcode="write(1151) " fcode="write"/>
<opset="stg_48/3 "/>
</bind>
</comp>

<comp id="63" class="1004" name="grp_fu_63">
<pin_list>
<pin id="64" dir="0" index="0" bw="32" slack="0"/>
<pin id="65" dir="0" index="1" bw="32" slack="0"/>
<pin id="66" dir="1" index="2" bw="1" slack="0"/>
</pin_list>
<bind>
<opcode="fcmp(46) " fcode="fcmp"/>
<opset="tmp_7/1 tmp_14/2 "/>
</bind>
</comp>

<comp id="69" class="1004" name="grp_fu_69">
<pin_list>
<pin id="70" dir="0" index="0" bw="32" slack="0"/>
<pin id="71" dir="0" index="1" bw="32" slack="0"/>
<pin id="72" dir="1" index="2" bw="1" slack="0"/>
</pin_list>
<bind>
<opcode="fcmp(46) " fcode="fcmp"/>
<opset="tmp_12/1 tmp_17/2 "/>
</bind>
</comp>

<comp id="75" class="1004" name="grp_fu_75">
<pin_list>
<pin id="76" dir="0" index="0" bw="1" slack="0"/>
<pin id="77" dir="0" index="1" bw="1" slack="0"/>
<pin id="78" dir="1" index="2" bw="1" slack="0"/>
</pin_list>
<bind>
<opcode="and(23) " fcode="and"/>
<opset="tmp_8/1 tmp_15/2 "/>
</bind>
</comp>

<comp id="80" class="1004" name="y0_to_int_fu_80">
<pin_list>
<pin id="81" dir="0" index="0" bw="32" slack="0"/>
<pin id="82" dir="1" index="1" bw="32" slack="0"/>
</pin_list>
<bind>
<opcode="bitcast(44) " fcode="bitcast"/>
<opset="y0_to_int/1 "/>
</bind>
</comp>

<comp id="84" class="1004" name="tmp_fu_84">
<pin_list>
<pin id="85" dir="0" index="0" bw="8" slack="0"/>
<pin id="86" dir="0" index="1" bw="32" slack="0"/>
<pin id="87" dir="0" index="2" bw="6" slack="0"/>
<pin id="88" dir="0" index="3" bw="6" slack="0"/>
<pin id="89" dir="1" index="4" bw="8" slack="0"/>
</pin_list>
<bind>
<opcode="partselect(1002) " fcode="partselect"/>
<opset="tmp/1 "/>
</bind>
</comp>

<comp id="94" class="1004" name="tmp_1_fu_94">
<pin_list>
<pin id="95" dir="0" index="0" bw="32" slack="0"/>
<pin id="96" dir="1" index="1" bw="23" slack="0"/>
</pin_list>
<bind>
<opcode="trunc(33) " fcode="trunc"/>
<opset="tmp_1/1 "/>
</bind>
</comp>

<comp id="98" class="1004" name="y1_to_int_fu_98">
<pin_list>
<pin id="99" dir="0" index="0" bw="32" slack="0"/>
<pin id="100" dir="1" index="1" bw="32" slack="0"/>
</pin_list>
<bind>
<opcode="bitcast(44) " fcode="bitcast"/>
<opset="y1_to_int/1 "/>
</bind>
</comp>

<comp id="102" class="1004" name="tmp_2_fu_102">
<pin_list>
<pin id="103" dir="0" index="0" bw="8" slack="0"/>
<pin id="104" dir="0" index="1" bw="32" slack="0"/>
<pin id="105" dir="0" index="2" bw="6" slack="0"/>
<pin id="106" dir="0" index="3" bw="6" slack="0"/>
<pin id="107" dir="1" index="4" bw="8" slack="0"/>
</pin_list>
<bind>
<opcode="partselect(1002) " fcode="partselect"/>
<opset="tmp_2/1 "/>
</bind>
</comp>

<comp id="112" class="1004" name="tmp_3_fu_112">
<pin_list>
<pin id="113" dir="0" index="0" bw="32" slack="0"/>
<pin id="114" dir="1" index="1" bw="23" slack="0"/>
</pin_list>
<bind>
<opcode="trunc(33) " fcode="trunc"/>
<opset="tmp_3/1 "/>
</bind>
</comp>

<comp id="116" class="1004" name="notlhs_fu_116">
<pin_list>
<pin id="117" dir="0" index="0" bw="8" slack="0"/>
<pin id="118" dir="0" index="1" bw="1" slack="0"/>
<pin id="119" dir="1" index="2" bw="1" slack="0"/>
</pin_list>
<bind>
<opcode="icmp(45) " fcode="icmp"/>
<opset="notlhs/1 "/>
</bind>
</comp>

<comp id="122" class="1004" name="notrhs_fu_122">
<pin_list>
<pin id="123" dir="0" index="0" bw="23" slack="0"/>
<pin id="124" dir="0" index="1" bw="1" slack="0"/>
<pin id="125" dir="1" index="2" bw="1" slack="0"/>
</pin_list>
<bind>
<opcode="icmp(45) " fcode="icmp"/>
<opset="notrhs/1 "/>
</bind>
</comp>

<comp id="128" class="1004" name="tmp_4_fu_128">
<pin_list>
<pin id="129" dir="0" index="0" bw="1" slack="0"/>
<pin id="130" dir="0" index="1" bw="1" slack="0"/>
<pin id="131" dir="1" index="2" bw="1" slack="0"/>
</pin_list>
<bind>
<opcode="or(24) " fcode="or"/>
<opset="tmp_4/1 "/>
</bind>
</comp>

<comp id="134" class="1004" name="notlhs6_fu_134">
<pin_list>
<pin id="135" dir="0" index="0" bw="8" slack="0"/>
<pin id="136" dir="0" index="1" bw="1" slack="0"/>
<pin id="137" dir="1" index="2" bw="1" slack="0"/>
</pin_list>
<bind>
<opcode="icmp(45) " fcode="icmp"/>
<opset="notlhs6/1 "/>
</bind>
</comp>

<comp id="140" class="1004" name="notrhs7_fu_140">
<pin_list>
<pin id="141" dir="0" index="0" bw="23" slack="0"/>
<pin id="142" dir="0" index="1" bw="1" slack="0"/>
<pin id="143" dir="1" index="2" bw="1" slack="0"/>
</pin_list>
<bind>
<opcode="icmp(45) " fcode="icmp"/>
<opset="notrhs7/1 "/>
</bind>
</comp>

<comp id="146" class="1004" name="tmp_5_fu_146">
<pin_list>
<pin id="147" dir="0" index="0" bw="1" slack="0"/>
<pin id="148" dir="0" index="1" bw="1" slack="0"/>
<pin id="149" dir="1" index="2" bw="1" slack="0"/>
</pin_list>
<bind>
<opcode="or(24) " fcode="or"/>
<opset="tmp_5/1 "/>
</bind>
</comp>

<comp id="152" class="1004" name="tmp_6_fu_152">
<pin_list>
<pin id="153" dir="0" index="0" bw="1" slack="0"/>
<pin id="154" dir="0" index="1" bw="1" slack="0"/>
<pin id="155" dir="1" index="2" bw="1" slack="0"/>
</pin_list>
<bind>
<opcode="and(23) " fcode="and"/>
<opset="tmp_6/1 "/>
</bind>
</comp>

<comp id="159" class="1004" name="y2_to_int_fu_159">
<pin_list>
<pin id="160" dir="0" index="0" bw="32" slack="0"/>
<pin id="161" dir="1" index="1" bw="32" slack="0"/>
</pin_list>
<bind>
<opcode="bitcast(44) " fcode="bitcast"/>
<opset="y2_to_int/1 "/>
</bind>
</comp>

<comp id="163" class="1004" name="tmp_s_fu_163">
<pin_list>
<pin id="164" dir="0" index="0" bw="8" slack="0"/>
<pin id="165" dir="0" index="1" bw="32" slack="0"/>
<pin id="166" dir="0" index="2" bw="6" slack="0"/>
<pin id="167" dir="0" index="3" bw="6" slack="0"/>
<pin id="168" dir="1" index="4" bw="8" slack="0"/>
</pin_list>
<bind>
<opcode="partselect(1002) " fcode="partselect"/>
<opset="tmp_s/1 "/>
</bind>
</comp>

<comp id="173" class="1004" name="tmp_9_fu_173">
<pin_list>
<pin id="174" dir="0" index="0" bw="32" slack="0"/>
<pin id="175" dir="1" index="1" bw="23" slack="0"/>
</pin_list>
<bind>
<opcode="trunc(33) " fcode="trunc"/>
<opset="tmp_9/1 "/>
</bind>
</comp>

<comp id="177" class="1004" name="notlhs1_fu_177">
<pin_list>
<pin id="178" dir="0" index="0" bw="8" slack="0"/>
<pin id="179" dir="0" index="1" bw="1" slack="0"/>
<pin id="180" dir="1" index="2" bw="1" slack="0"/>
</pin_list>
<bind>
<opcode="icmp(45) " fcode="icmp"/>
<opset="notlhs1/1 "/>
</bind>
</comp>

<comp id="183" class="1004" name="notrhs1_fu_183">
<pin_list>
<pin id="184" dir="0" index="0" bw="23" slack="0"/>
<pin id="185" dir="0" index="1" bw="1" slack="0"/>
<pin id="186" dir="1" index="2" bw="1" slack="0"/>
</pin_list>
<bind>
<opcode="icmp(45) " fcode="icmp"/>
<opset="notrhs1/1 "/>
</bind>
</comp>

<comp id="189" class="1004" name="tmp_10_fu_189">
<pin_list>
<pin id="190" dir="0" index="0" bw="1" slack="0"/>
<pin id="191" dir="0" index="1" bw="1" slack="0"/>
<pin id="192" dir="1" index="2" bw="1" slack="0"/>
</pin_list>
<bind>
<opcode="or(24) " fcode="or"/>
<opset="tmp_10/1 "/>
</bind>
</comp>

<comp id="195" class="1004" name="tmp_11_fu_195">
<pin_list>
<pin id="196" dir="0" index="0" bw="1" slack="0"/>
<pin id="197" dir="0" index="1" bw="1" slack="0"/>
<pin id="198" dir="1" index="2" bw="1" slack="0"/>
</pin_list>
<bind>
<opcode="and(23) " fcode="and"/>
<opset="tmp_11/1 "/>
</bind>
</comp>

<comp id="201" class="1004" name="tmp_13_fu_201">
<pin_list>
<pin id="202" dir="0" index="0" bw="1" slack="0"/>
<pin id="203" dir="0" index="1" bw="1" slack="0"/>
<pin id="204" dir="1" index="2" bw="1" slack="0"/>
</pin_list>
<bind>
<opcode="and(23) " fcode="and"/>
<opset="tmp_13/1 "/>
</bind>
</comp>

<comp id="207" class="1004" name="or_cond_fu_207">
<pin_list>
<pin id="208" dir="0" index="0" bw="1" slack="0"/>
<pin id="209" dir="0" index="1" bw="1" slack="0"/>
<pin id="210" dir="1" index="2" bw="1" slack="1"/>
</pin_list>
<bind>
<opcode="and(23) " fcode="and"/>
<opset="or_cond/1 "/>
</bind>
</comp>

<comp id="213" class="1004" name="tmp_16_fu_213">
<pin_list>
<pin id="214" dir="0" index="0" bw="1" slack="0"/>
<pin id="215" dir="0" index="1" bw="1" slack="0"/>
<pin id="216" dir="1" index="2" bw="1" slack="1"/>
</pin_list>
<bind>
<opcode="and(23) " fcode="and"/>
<opset="tmp_16/1 "/>
</bind>
</comp>

<comp id="219" class="1004" name="tmp_18_fu_219">
<pin_list>
<pin id="220" dir="0" index="0" bw="1" slack="1"/>
<pin id="221" dir="0" index="1" bw="1" slack="0"/>
<pin id="222" dir="1" index="2" bw="1" slack="0"/>
</pin_list>
<bind>
<opcode="and(23) " fcode="and"/>
<opset="tmp_18/2 "/>
</bind>
</comp>

<comp id="224" class="1004" name="or_cond2_fu_224">
<pin_list>
<pin id="225" dir="0" index="0" bw="1" slack="0"/>
<pin id="226" dir="0" index="1" bw="1" slack="0"/>
<pin id="227" dir="1" index="2" bw="1" slack="1"/>
</pin_list>
<bind>
<opcode="and(23) " fcode="and"/>
<opset="or_cond2/2 "/>
</bind>
</comp>

<comp id="230" class="1004" name="y1_assign_fu_230">
<pin_list>
<pin id="231" dir="0" index="0" bw="1" slack="1"/>
<pin id="232" dir="0" index="1" bw="32" slack="2"/>
<pin id="233" dir="0" index="2" bw="32" slack="2"/>
<pin id="234" dir="1" index="3" bw="32" slack="0"/>
</pin_list>
<bind>
<opcode="select(49) " fcode="select"/>
<opset="y1_assign/3 "/>
</bind>
</comp>

<comp id="235" class="1004" name="storemerge1_fu_235">
<pin_list>
<pin id="236" dir="0" index="0" bw="1" slack="2"/>
<pin id="237" dir="0" index="1" bw="32" slack="2"/>
<pin id="238" dir="0" index="2" bw="32" slack="0"/>
<pin id="239" dir="1" index="3" bw="32" slack="0"/>
</pin_list>
<bind>
<opcode="select(49) " fcode="select"/>
<opset="storemerge1/3 "/>
</bind>
</comp>

<comp id="242" class="1005" name="en_read_reg_242">
<pin_list>
<pin id="243" dir="0" index="0" bw="1" slack="2"/>
<pin id="244" dir="1" index="1" bw="1" slack="2147483647"/>
</pin_list>
<bind>
<opset="en_read "/>
</bind>
</comp>

<comp id="246" class="1005" name="y2_read_reg_246">
<pin_list>
<pin id="247" dir="0" index="0" bw="32" slack="1"/>
<pin id="248" dir="1" index="1" bw="32" slack="1"/>
</pin_list>
<bind>
<opset="y2_read "/>
</bind>
</comp>

<comp id="252" class="1005" name="y1_read_reg_252">
<pin_list>
<pin id="253" dir="0" index="0" bw="32" slack="1"/>
<pin id="254" dir="1" index="1" bw="32" slack="1"/>
</pin_list>
<bind>
<opset="y1_read "/>
</bind>
</comp>

<comp id="259" class="1005" name="y0_read_reg_259">
<pin_list>
<pin id="260" dir="0" index="0" bw="32" slack="1"/>
<pin id="261" dir="1" index="1" bw="32" slack="1"/>
</pin_list>
<bind>
<opset="y0_read "/>
</bind>
</comp>

<comp id="265" class="1005" name="tmp_6_reg_265">
<pin_list>
<pin id="266" dir="0" index="0" bw="1" slack="1"/>
<pin id="267" dir="1" index="1" bw="1" slack="1"/>
</pin_list>
<bind>
<opset="tmp_6 "/>
</bind>
</comp>

<comp id="270" class="1005" name="or_cond_reg_270">
<pin_list>
<pin id="271" dir="0" index="0" bw="1" slack="1"/>
<pin id="272" dir="1" index="1" bw="1" slack="2"/>
</pin_list>
<bind>
<opset="or_cond "/>
</bind>
</comp>

<comp id="275" class="1005" name="tmp_16_reg_275">
<pin_list>
<pin id="276" dir="0" index="0" bw="1" slack="1"/>
<pin id="277" dir="1" index="1" bw="1" slack="1"/>
</pin_list>
<bind>
<opset="tmp_16 "/>
</bind>
</comp>

<comp id="280" class="1005" name="or_cond2_reg_280">
<pin_list>
<pin id="281" dir="0" index="0" bw="1" slack="1"/>
<pin id="282" dir="1" index="1" bw="1" slack="1"/>
</pin_list>
<bind>
<opset="or_cond2 "/>
</bind>
</comp>

</comp_list>

<net_list>
<net id="36"><net_src comp="16" pin="0"/><net_sink comp="32" pin=0"/></net>

<net id="37"><net_src comp="8" pin="0"/><net_sink comp="32" pin=1"/></net>

<net id="42"><net_src comp="18" pin="0"/><net_sink comp="38" pin=0"/></net>

<net id="43"><net_src comp="4" pin="0"/><net_sink comp="38" pin=1"/></net>

<net id="48"><net_src comp="18" pin="0"/><net_sink comp="44" pin=0"/></net>

<net id="49"><net_src comp="2" pin="0"/><net_sink comp="44" pin=1"/></net>

<net id="54"><net_src comp="18" pin="0"/><net_sink comp="50" pin=0"/></net>

<net id="55"><net_src comp="0" pin="0"/><net_sink comp="50" pin=1"/></net>

<net id="61"><net_src comp="30" pin="0"/><net_sink comp="56" pin=0"/></net>

<net id="62"><net_src comp="6" pin="0"/><net_sink comp="56" pin=1"/></net>

<net id="67"><net_src comp="50" pin="2"/><net_sink comp="63" pin=0"/></net>

<net id="68"><net_src comp="44" pin="2"/><net_sink comp="63" pin=1"/></net>

<net id="73"><net_src comp="50" pin="2"/><net_sink comp="69" pin=0"/></net>

<net id="74"><net_src comp="38" pin="2"/><net_sink comp="69" pin=1"/></net>

<net id="79"><net_src comp="63" pin="2"/><net_sink comp="75" pin=1"/></net>

<net id="83"><net_src comp="50" pin="2"/><net_sink comp="80" pin=0"/></net>

<net id="90"><net_src comp="20" pin="0"/><net_sink comp="84" pin=0"/></net>

<net id="91"><net_src comp="80" pin="1"/><net_sink comp="84" pin=1"/></net>

<net id="92"><net_src comp="22" pin="0"/><net_sink comp="84" pin=2"/></net>

<net id="93"><net_src comp="24" pin="0"/><net_sink comp="84" pin=3"/></net>

<net id="97"><net_src comp="80" pin="1"/><net_sink comp="94" pin=0"/></net>

<net id="101"><net_src comp="44" pin="2"/><net_sink comp="98" pin=0"/></net>

<net id="108"><net_src comp="20" pin="0"/><net_sink comp="102" pin=0"/></net>

<net id="109"><net_src comp="98" pin="1"/><net_sink comp="102" pin=1"/></net>

<net id="110"><net_src comp="22" pin="0"/><net_sink comp="102" pin=2"/></net>

<net id="111"><net_src comp="24" pin="0"/><net_sink comp="102" pin=3"/></net>

<net id="115"><net_src comp="98" pin="1"/><net_sink comp="112" pin=0"/></net>

<net id="120"><net_src comp="84" pin="4"/><net_sink comp="116" pin=0"/></net>

<net id="121"><net_src comp="26" pin="0"/><net_sink comp="116" pin=1"/></net>

<net id="126"><net_src comp="94" pin="1"/><net_sink comp="122" pin=0"/></net>

<net id="127"><net_src comp="28" pin="0"/><net_sink comp="122" pin=1"/></net>

<net id="132"><net_src comp="122" pin="2"/><net_sink comp="128" pin=0"/></net>

<net id="133"><net_src comp="116" pin="2"/><net_sink comp="128" pin=1"/></net>

<net id="138"><net_src comp="102" pin="4"/><net_sink comp="134" pin=0"/></net>

<net id="139"><net_src comp="26" pin="0"/><net_sink comp="134" pin=1"/></net>

<net id="144"><net_src comp="112" pin="1"/><net_sink comp="140" pin=0"/></net>

<net id="145"><net_src comp="28" pin="0"/><net_sink comp="140" pin=1"/></net>

<net id="150"><net_src comp="140" pin="2"/><net_sink comp="146" pin=0"/></net>

<net id="151"><net_src comp="134" pin="2"/><net_sink comp="146" pin=1"/></net>

<net id="156"><net_src comp="128" pin="2"/><net_sink comp="152" pin=0"/></net>

<net id="157"><net_src comp="146" pin="2"/><net_sink comp="152" pin=1"/></net>

<net id="158"><net_src comp="152" pin="2"/><net_sink comp="75" pin=0"/></net>

<net id="162"><net_src comp="38" pin="2"/><net_sink comp="159" pin=0"/></net>

<net id="169"><net_src comp="20" pin="0"/><net_sink comp="163" pin=0"/></net>

<net id="170"><net_src comp="159" pin="1"/><net_sink comp="163" pin=1"/></net>

<net id="171"><net_src comp="22" pin="0"/><net_sink comp="163" pin=2"/></net>

<net id="172"><net_src comp="24" pin="0"/><net_sink comp="163" pin=3"/></net>

<net id="176"><net_src comp="159" pin="1"/><net_sink comp="173" pin=0"/></net>

<net id="181"><net_src comp="163" pin="4"/><net_sink comp="177" pin=0"/></net>

<net id="182"><net_src comp="26" pin="0"/><net_sink comp="177" pin=1"/></net>

<net id="187"><net_src comp="173" pin="1"/><net_sink comp="183" pin=0"/></net>

<net id="188"><net_src comp="28" pin="0"/><net_sink comp="183" pin=1"/></net>

<net id="193"><net_src comp="183" pin="2"/><net_sink comp="189" pin=0"/></net>

<net id="194"><net_src comp="177" pin="2"/><net_sink comp="189" pin=1"/></net>

<net id="199"><net_src comp="128" pin="2"/><net_sink comp="195" pin=0"/></net>

<net id="200"><net_src comp="189" pin="2"/><net_sink comp="195" pin=1"/></net>

<net id="205"><net_src comp="195" pin="2"/><net_sink comp="201" pin=0"/></net>

<net id="206"><net_src comp="69" pin="2"/><net_sink comp="201" pin=1"/></net>

<net id="211"><net_src comp="75" pin="2"/><net_sink comp="207" pin=0"/></net>

<net id="212"><net_src comp="201" pin="2"/><net_sink comp="207" pin=1"/></net>

<net id="217"><net_src comp="146" pin="2"/><net_sink comp="213" pin=0"/></net>

<net id="218"><net_src comp="189" pin="2"/><net_sink comp="213" pin=1"/></net>

<net id="223"><net_src comp="69" pin="2"/><net_sink comp="219" pin=1"/></net>

<net id="228"><net_src comp="75" pin="2"/><net_sink comp="224" pin=0"/></net>

<net id="229"><net_src comp="219" pin="2"/><net_sink comp="224" pin=1"/></net>

<net id="240"><net_src comp="230" pin="3"/><net_sink comp="235" pin=2"/></net>

<net id="241"><net_src comp="235" pin="3"/><net_sink comp="56" pin=2"/></net>

<net id="245"><net_src comp="32" pin="2"/><net_sink comp="242" pin=0"/></net>

<net id="249"><net_src comp="38" pin="2"/><net_sink comp="246" pin=0"/></net>

<net id="250"><net_src comp="246" pin="1"/><net_sink comp="69" pin=1"/></net>

<net id="251"><net_src comp="246" pin="1"/><net_sink comp="230" pin=2"/></net>

<net id="255"><net_src comp="44" pin="2"/><net_sink comp="252" pin=0"/></net>

<net id="256"><net_src comp="252" pin="1"/><net_sink comp="63" pin=0"/></net>

<net id="257"><net_src comp="252" pin="1"/><net_sink comp="69" pin=0"/></net>

<net id="258"><net_src comp="252" pin="1"/><net_sink comp="230" pin=1"/></net>

<net id="262"><net_src comp="50" pin="2"/><net_sink comp="259" pin=0"/></net>

<net id="263"><net_src comp="259" pin="1"/><net_sink comp="63" pin=1"/></net>

<net id="264"><net_src comp="259" pin="1"/><net_sink comp="235" pin=1"/></net>

<net id="268"><net_src comp="152" pin="2"/><net_sink comp="265" pin=0"/></net>

<net id="269"><net_src comp="265" pin="1"/><net_sink comp="75" pin=0"/></net>

<net id="273"><net_src comp="207" pin="2"/><net_sink comp="270" pin=0"/></net>

<net id="274"><net_src comp="270" pin="1"/><net_sink comp="235" pin=0"/></net>

<net id="278"><net_src comp="213" pin="2"/><net_sink comp="275" pin=0"/></net>

<net id="279"><net_src comp="275" pin="1"/><net_sink comp="219" pin=0"/></net>

<net id="283"><net_src comp="224" pin="2"/><net_sink comp="280" pin=0"/></net>

<net id="284"><net_src comp="280" pin="1"/><net_sink comp="230" pin=0"/></net>

</net_list>

</model> 
---------------- Datapath Model END ------------------

* FSMD analyzer results:
  - Output states:
	Port: max | {3 }
  - Chain level:
	State 1
		tmp : 1
		tmp_1 : 1
		tmp_2 : 1
		tmp_3 : 1
		notlhs : 2
		notrhs : 2
		tmp_4 : 3
		notlhs6 : 2
		notrhs7 : 2
		tmp_5 : 3
		tmp_6 : 3
		tmp_8 : 3
		tmp_s : 1
		tmp_9 : 1
		notlhs1 : 2
		notrhs1 : 2
		tmp_10 : 3
		tmp_11 : 3
		tmp_13 : 3
		or_cond : 3
		tmp_16 : 3
	State 2
		tmp_15 : 1
		tmp_18 : 1
		or_cond2 : 1
	State 3
		storemerge1 : 1
		stg_48 : 2


============================================================
+ Verbose Summary: Datapath Resource usage 
============================================================

* Functional unit list:
|----------|--------------------|---------|---------|---------|
| Operation|   Functional Unit  |  DSP48E |    FF   |   LUT   |
|----------|--------------------|---------|---------|---------|
|   fcmp   |      grp_fu_63     |    0    |    66   |    67   |
|          |      grp_fu_69     |    0    |    66   |    67   |
|----------|--------------------|---------|---------|---------|
|  select  |  y1_assign_fu_230  |    0    |    0    |    32   |
|          | storemerge1_fu_235 |    0    |    0    |    32   |
|----------|--------------------|---------|---------|---------|
|          |    notlhs_fu_116   |    0    |    0    |    3    |
|          |    notrhs_fu_122   |    0    |    0    |    8    |
|   icmp   |   notlhs6_fu_134   |    0    |    0    |    3    |
|          |   notrhs7_fu_140   |    0    |    0    |    8    |
|          |   notlhs1_fu_177   |    0    |    0    |    3    |
|          |   notrhs1_fu_183   |    0    |    0    |    8    |
|----------|--------------------|---------|---------|---------|
|          |      grp_fu_75     |    0    |    0    |    1    |
|          |    tmp_6_fu_152    |    0    |    0    |    1    |
|          |    tmp_11_fu_195   |    0    |    0    |    1    |
|    and   |    tmp_13_fu_201   |    0    |    0    |    1    |
|          |   or_cond_fu_207   |    0    |    0    |    1    |
|          |    tmp_16_fu_213   |    0    |    0    |    1    |
|          |    tmp_18_fu_219   |    0    |    0    |    1    |
|          |   or_cond2_fu_224  |    0    |    0    |    1    |
|----------|--------------------|---------|---------|---------|
|          |    tmp_4_fu_128    |    0    |    0    |    1    |
|    or    |    tmp_5_fu_146    |    0    |    0    |    1    |
|          |    tmp_10_fu_189   |    0    |    0    |    1    |
|----------|--------------------|---------|---------|---------|
|          | en_read_read_fu_32 |    0    |    0    |    0    |
|   read   | y2_read_read_fu_38 |    0    |    0    |    0    |
|          | y1_read_read_fu_44 |    0    |    0    |    0    |
|          | y0_read_read_fu_50 |    0    |    0    |    0    |
|----------|--------------------|---------|---------|---------|
|   write  | stg_48_write_fu_56 |    0    |    0    |    0    |
|----------|--------------------|---------|---------|---------|
|          |      tmp_fu_84     |    0    |    0    |    0    |
|partselect|    tmp_2_fu_102    |    0    |    0    |    0    |
|          |    tmp_s_fu_163    |    0    |    0    |    0    |
|----------|--------------------|---------|---------|---------|
|          |     tmp_1_fu_94    |    0    |    0    |    0    |
|   trunc  |    tmp_3_fu_112    |    0    |    0    |    0    |
|          |    tmp_9_fu_173    |    0    |    0    |    0    |
|----------|--------------------|---------|---------|---------|
|   Total  |                    |    0    |   132   |   242   |
|----------|--------------------|---------|---------|---------|

Memories:
N/A

* Register list:
+----------------+--------+
|                |   FF   |
+----------------+--------+
| en_read_reg_242|    1   |
|or_cond2_reg_280|    1   |
| or_cond_reg_270|    1   |
| tmp_16_reg_275 |    1   |
|  tmp_6_reg_265 |    1   |
| y0_read_reg_259|   32   |
| y1_read_reg_252|   32   |
| y2_read_reg_246|   32   |
+----------------+--------+
|      Total     |   101  |
+----------------+--------+

* Multiplexer (MUX) list: 
|-----------|------|------|------|--------||---------||---------|
|    Comp   |  Pin | Size |  BW  | S x BW ||  Delay  ||   LUT   |
|-----------|------|------|------|--------||---------||---------|
| grp_fu_63 |  p0  |   2  |  32  |   64   ||    32   |
| grp_fu_63 |  p1  |   2  |  32  |   64   ||    32   |
| grp_fu_69 |  p0  |   2  |  32  |   64   ||    32   |
| grp_fu_69 |  p1  |   2  |  32  |   64   ||    32   |
| grp_fu_75 |  p0  |   2  |   1  |    2   ||    1    |
|-----------|------|------|------|--------||---------||---------|
|   Total   |      |      |      |   258  ||  6.555  ||   129   |
|-----------|------|------|------|--------||---------||---------|



* Summary:
+-----------+--------+--------+--------+--------+
|           | DSP48E |  Delay |   FF   |   LUT  |
+-----------+--------+--------+--------+--------+
|  Function |    0   |    -   |   132  |   242  |
|   Memory  |    -   |    -   |    -   |    -   |
|Multiplexer|    -   |    6   |    -   |   129  |
|  Register |    -   |    -   |   101  |    -   |
+-----------+--------+--------+--------+--------+
|   Total   |    0   |    6   |   233  |   371  |
+-----------+--------+--------+--------+--------+
